<?xml version="1.0" encoding="UTF-8"?>
<!-- Generated by org.testng.reporters.JUnitReportReporter -->
<testsuite skipped="0" hostname="DESKTOP-LT0H2AE" name="selenium_tests.MortgageDataTest" tests="3" failures="0" timestamp="06 Feb 2018 00:43:13 GMT" time="0.009" errors="0">
  <testcase name="test2" time="0.001" classname="selenium_tests.MortgageDataTest"/>
  <testcase name="test3" time="0.001" classname="selenium_tests.MortgageDataTest"/>
  <testcase name="test1" time="0.007" classname="selenium_tests.MortgageDataTest"/>
</testsuite> <!-- selenium_tests.MortgageDataTest -->
